<?xml version="1.0" encoding="UTF-8"?>
<testsuite xmlns:xsi="http://www.w3.org/2001/XMLSchema-instance" xsi:noNamespaceSchemaLocation="https://maven.apache.org/surefire/maven-surefire-plugin/xsd/surefire-test-report-3.0.xsd" version="3.0" name="org.apache.openjpa.util.NewCustomProxyTest" time="0.05" tests="13" errors="0" skipped="0" failures="0">
  <properties>
    <property name="awt.toolkit" value="sun.awt.X11.XToolkit"/>
    <property name="java.specification.version" value="11"/>
    <property name="sun.cpu.isalist" value=""/>
    <property name="sun.jnu.encoding" value="UTF-8"/>
    <property name="java.class.path" value="/home/marco/Scrivania/openjpa/openjpa-kernel/target/test-classes:/home/marco/Scrivania/openjpa/openjpa-kernel/target/classes:/home/marco/Scrivania/openjpa/openjpa-lib/target/openjpa-lib-3.1.3-SNAPSHOT.jar:/home/marco/.m2/repository/org/apache/commons/commons-collections4/4.4/commons-collections4-4.4.jar:/home/marco/.m2/repository/net/sourceforge/serp/serp/1.15.1/serp-1.15.1.jar:/home/marco/.m2/repository/org/apache/geronimo/specs/geronimo-jms_1.1_spec/1.1.1/geronimo-jms_1.1_spec-1.1.1.jar:/home/marco/.m2/repository/org/apache/geronimo/specs/geronimo-jta_1.1_spec/1.1.1/geronimo-jta_1.1_spec-1.1.1.jar:/home/marco/.m2/repository/org/apache/commons/commons-pool2/2.6.0/commons-pool2-2.6.0.jar:/home/marco/.m2/repository/com/ibm/websphere/uow_api/6/uow_api-6.jar:/home/marco/.m2/repository/org/apache/ant/ant/1.9.7/ant-1.9.7.jar:/home/marco/.m2/repository/org/apache/ant/ant-launcher/1.9.7/ant-launcher-1.9.7.jar:/home/marco/.m2/repository/org/osgi/org.osgi.core/4.2.0/org.osgi.core-4.2.0.jar:/home/marco/.m2/repository/org/apache/xbean/xbean-asm8-shaded/4.17/xbean-asm8-shaded-4.17.jar:/home/marco/.m2/repository/junit/junit/4.12/junit-4.12.jar:/home/marco/.m2/repository/org/hamcrest/hamcrest-core/1.3/hamcrest-core-1.3.jar:/home/marco/.m2/repository/org/apache/commons/commons-dbcp2/2.7.0/commons-dbcp2-2.7.0.jar:/home/marco/.m2/repository/commons-logging/commons-logging/1.2/commons-logging-1.2.jar:/home/marco/.m2/repository/org/mockito/mockito-core/3.0.0/mockito-core-3.0.0.jar:/home/marco/.m2/repository/net/bytebuddy/byte-buddy/1.9.10/byte-buddy-1.9.10.jar:/home/marco/.m2/repository/net/bytebuddy/byte-buddy-agent/1.9.10/byte-buddy-agent-1.9.10.jar:/home/marco/.m2/repository/org/objenesis/objenesis/2.6/objenesis-2.6.jar:/home/marco/.m2/repository/org/powermock/powermock-api-mockito2/2.0.2/powermock-api-mockito2-2.0.2.jar:/home/marco/.m2/repository/org/powermock/powermock-api-support/2.0.2/powermock-api-support-2.0.2.jar:/home/marco/.m2/repository/org/powermock/powermock-reflect/2.0.2/powermock-reflect-2.0.2.jar:/home/marco/.m2/repository/org/powermock/powermock-core/2.0.2/powermock-core-2.0.2.jar:/home/marco/.m2/repository/org/javassist/javassist/3.24.0-GA/javassist-3.24.0-GA.jar:/home/marco/.m2/repository/org/powermock/powermock-module-junit4/2.0.2/powermock-module-junit4-2.0.2.jar:/home/marco/.m2/repository/org/powermock/powermock-module-junit4-common/2.0.2/powermock-module-junit4-common-2.0.2.jar:"/>
    <property name="java.vm.vendor" value="Ubuntu"/>
    <property name="sun.arch.data.model" value="64"/>
    <property name="java.vendor.url" value="https://ubuntu.com/"/>
    <property name="user.timezone" value="Europe/Rome"/>
    <property name="java.vm.specification.version" value="11"/>
    <property name="os.name" value="Linux"/>
    <property name="sun.java.launcher" value="SUN_STANDARD"/>
    <property name="user.country" value="IT"/>
    <property name="sun.boot.library.path" value="/usr/lib/jvm/java-11-openjdk-amd64/lib"/>
    <property name="sun.java.command" value="/home/marco/Scrivania/openjpa/openjpa-kernel/target/surefire/surefirebooter2375052848924184427.jar /home/marco/Scrivania/openjpa/openjpa-kernel/target/surefire 2020-11-24T17-55-39_317-jvmRun1 surefire5049470047389585924tmp surefire_08214002139999988331tmp"/>
    <property name="jdk.debug" value="release"/>
    <property name="surefire.test.class.path" value="/home/marco/Scrivania/openjpa/openjpa-kernel/target/test-classes:/home/marco/Scrivania/openjpa/openjpa-kernel/target/classes:/home/marco/Scrivania/openjpa/openjpa-lib/target/openjpa-lib-3.1.3-SNAPSHOT.jar:/home/marco/.m2/repository/org/apache/commons/commons-collections4/4.4/commons-collections4-4.4.jar:/home/marco/.m2/repository/net/sourceforge/serp/serp/1.15.1/serp-1.15.1.jar:/home/marco/.m2/repository/org/apache/geronimo/specs/geronimo-jms_1.1_spec/1.1.1/geronimo-jms_1.1_spec-1.1.1.jar:/home/marco/.m2/repository/org/apache/geronimo/specs/geronimo-jta_1.1_spec/1.1.1/geronimo-jta_1.1_spec-1.1.1.jar:/home/marco/.m2/repository/org/apache/commons/commons-pool2/2.6.0/commons-pool2-2.6.0.jar:/home/marco/.m2/repository/com/ibm/websphere/uow_api/6/uow_api-6.jar:/home/marco/.m2/repository/org/apache/ant/ant/1.9.7/ant-1.9.7.jar:/home/marco/.m2/repository/org/apache/ant/ant-launcher/1.9.7/ant-launcher-1.9.7.jar:/home/marco/.m2/repository/org/osgi/org.osgi.core/4.2.0/org.osgi.core-4.2.0.jar:/home/marco/.m2/repository/org/apache/xbean/xbean-asm8-shaded/4.17/xbean-asm8-shaded-4.17.jar:/home/marco/.m2/repository/junit/junit/4.12/junit-4.12.jar:/home/marco/.m2/repository/org/hamcrest/hamcrest-core/1.3/hamcrest-core-1.3.jar:/home/marco/.m2/repository/org/apache/commons/commons-dbcp2/2.7.0/commons-dbcp2-2.7.0.jar:/home/marco/.m2/repository/commons-logging/commons-logging/1.2/commons-logging-1.2.jar:/home/marco/.m2/repository/org/mockito/mockito-core/3.0.0/mockito-core-3.0.0.jar:/home/marco/.m2/repository/net/bytebuddy/byte-buddy/1.9.10/byte-buddy-1.9.10.jar:/home/marco/.m2/repository/net/bytebuddy/byte-buddy-agent/1.9.10/byte-buddy-agent-1.9.10.jar:/home/marco/.m2/repository/org/objenesis/objenesis/2.6/objenesis-2.6.jar:/home/marco/.m2/repository/org/powermock/powermock-api-mockito2/2.0.2/powermock-api-mockito2-2.0.2.jar:/home/marco/.m2/repository/org/powermock/powermock-api-support/2.0.2/powermock-api-support-2.0.2.jar:/home/marco/.m2/repository/org/powermock/powermock-reflect/2.0.2/powermock-reflect-2.0.2.jar:/home/marco/.m2/repository/org/powermock/powermock-core/2.0.2/powermock-core-2.0.2.jar:/home/marco/.m2/repository/org/javassist/javassist/3.24.0-GA/javassist-3.24.0-GA.jar:/home/marco/.m2/repository/org/powermock/powermock-module-junit4/2.0.2/powermock-module-junit4-2.0.2.jar:/home/marco/.m2/repository/org/powermock/powermock-module-junit4-common/2.0.2/powermock-module-junit4-common-2.0.2.jar:"/>
    <property name="sun.cpu.endian" value="little"/>
    <property name="user.home" value="/home/marco"/>
    <property name="user.language" value="it"/>
    <property name="java.specification.vendor" value="Oracle Corporation"/>
    <property name="java.version.date" value="2020-11-04"/>
    <property name="java.home" value="/usr/lib/jvm/java-11-openjdk-amd64"/>
    <property name="file.separator" value="/"/>
    <property name="basedir" value="/home/marco/Scrivania/openjpa/openjpa-kernel"/>
    <property name="java.vm.compressedOopsMode" value="32-bit"/>
    <property name="line.separator" value="&#10;"/>
    <property name="java.specification.name" value="Java Platform API Specification"/>
    <property name="java.vm.specification.vendor" value="Oracle Corporation"/>
    <property name="java.awt.graphicsenv" value="sun.awt.X11GraphicsEnvironment"/>
    <property name="surefire.real.class.path" value="/home/marco/Scrivania/openjpa/openjpa-kernel/target/surefire/surefirebooter2375052848924184427.jar"/>
    <property name="sun.management.compiler" value="HotSpot 64-Bit Tiered Compilers"/>
    <property name="java.runtime.version" value="11.0.9.1+1-Ubuntu-0ubuntu1.20.04"/>
    <property name="user.name" value="marco"/>
    <property name="path.separator" value=":"/>
    <property name="os.version" value="5.4.0-54-generic"/>
    <property name="java.runtime.name" value="OpenJDK Runtime Environment"/>
    <property name="file.encoding" value="UTF-8"/>
    <property name="java.vm.name" value="OpenJDK 64-Bit Server VM"/>
    <property name="localRepository" value="/home/marco/.m2/repository"/>
    <property name="java.vendor.url.bug" value="https://bugs.launchpad.net/ubuntu/+source/openjdk-lts"/>
    <property name="java.io.tmpdir" value="/tmp"/>
    <property name="java.version" value="11.0.9.1"/>
    <property name="user.dir" value="/home/marco/Scrivania/openjpa/openjpa-kernel"/>
    <property name="os.arch" value="amd64"/>
    <property name="java.vm.specification.name" value="Java Virtual Machine Specification"/>
    <property name="java.awt.printerjob" value="sun.print.PSPrinterJob"/>
    <property name="sun.os.patch.level" value="unknown"/>
    <property name="java.library.path" value="/usr/java/packages/lib:/usr/lib/x86_64-linux-gnu/jni:/lib/x86_64-linux-gnu:/usr/lib/x86_64-linux-gnu:/usr/lib/jni:/lib:/usr/lib"/>
    <property name="java.vm.info" value="mixed mode, sharing"/>
    <property name="java.vendor" value="Ubuntu"/>
    <property name="java.vm.version" value="11.0.9.1+1-Ubuntu-0ubuntu1.20.04"/>
    <property name="sun.io.unicode.encoding" value="UnicodeLittle"/>
    <property name="java.class.version" value="55.0"/>
  </properties>
  <testcase name="newCustomProxyTest[0]" classname="org.apache.openjpa.util.NewCustomProxyTest" time="0"/>
  <testcase name="newCustomProxyTest[1]" classname="org.apache.openjpa.util.NewCustomProxyTest" time="0"/>
  <testcase name="newCustomProxyTest[2]" classname="org.apache.openjpa.util.NewCustomProxyTest" time="0"/>
  <testcase name="newCustomProxyTest[3]" classname="org.apache.openjpa.util.NewCustomProxyTest" time="0.004"/>
  <testcase name="newCustomProxyTest[4]" classname="org.apache.openjpa.util.NewCustomProxyTest" time="0.005"/>
  <testcase name="newCustomProxyTest[5]" classname="org.apache.openjpa.util.NewCustomProxyTest" time="0.007"/>
  <testcase name="newCustomProxyTest[6]" classname="org.apache.openjpa.util.NewCustomProxyTest" time="0.006"/>
  <testcase name="newCustomProxyTest[7]" classname="org.apache.openjpa.util.NewCustomProxyTest" time="0.003"/>
  <testcase name="newCustomProxyTest[8]" classname="org.apache.openjpa.util.NewCustomProxyTest" time="0.006"/>
  <testcase name="newCustomProxyTest[9]" classname="org.apache.openjpa.util.NewCustomProxyTest" time="0.002"/>
  <testcase name="newCustomProxyTest[10]" classname="org.apache.openjpa.util.NewCustomProxyTest" time="0.005"/>
  <testcase name="newCustomProxyTest[11]" classname="org.apache.openjpa.util.NewCustomProxyTest" time="0.003"/>
  <testcase name="newCustomProxyTest[12]" classname="org.apache.openjpa.util.NewCustomProxyTest" time="0"/>
</testsuite>