<?xml version="1.0" encoding="UTF-8"?>
<testsuite xmlns:xsi="http://www.w3.org/2001/XMLSchema-instance" xsi:noNamespaceSchemaLocation="https://maven.apache.org/surefire/maven-surefire-plugin/xsd/surefire-test-report-3.0.xsd" version="3.0" name="org.apache.openjpa.util.NewCustomProxyTest" time="0.168" tests="13" errors="0" skipped="0" failures="0">
  <properties>
    <property name="java.specification.version" value="13"/>
    <property name="sun.cpu.isalist" value="amd64"/>
    <property name="sun.jnu.encoding" value="Cp1252"/>
    <property name="java.class.path" value="C:\Users\marco\Desktop\de-angelis\openjpa\openjpa-kernel\target\test-classes;C:\Users\marco\Desktop\de-angelis\openjpa\openjpa-kernel\target\classes;C:\Users\marco\Desktop\de-angelis\openjpa\openjpa-lib\target\openjpa-lib-3.1.3-SNAPSHOT.jar;C:\Users\marco\.m2\repository\org\apache\commons\commons-collections4\4.4\commons-collections4-4.4.jar;C:\Users\marco\.m2\repository\net\sourceforge\serp\serp\1.15.1\serp-1.15.1.jar;C:\Users\marco\.m2\repository\org\apache\geronimo\specs\geronimo-jms_1.1_spec\1.1.1\geronimo-jms_1.1_spec-1.1.1.jar;C:\Users\marco\.m2\repository\org\apache\geronimo\specs\geronimo-jta_1.1_spec\1.1.1\geronimo-jta_1.1_spec-1.1.1.jar;C:\Users\marco\.m2\repository\org\apache\commons\commons-pool2\2.6.0\commons-pool2-2.6.0.jar;C:\Users\marco\.m2\repository\com\ibm\websphere\uow_api\6\uow_api-6.jar;C:\Users\marco\.m2\repository\org\apache\ant\ant\1.9.7\ant-1.9.7.jar;C:\Users\marco\.m2\repository\org\apache\ant\ant-launcher\1.9.7\ant-launcher-1.9.7.jar;C:\Users\marco\.m2\repository\org\osgi\org.osgi.core\4.2.0\org.osgi.core-4.2.0.jar;C:\Users\marco\.m2\repository\org\apache\xbean\xbean-asm8-shaded\4.17\xbean-asm8-shaded-4.17.jar;C:\Users\marco\.m2\repository\junit\junit\4.12\junit-4.12.jar;C:\Users\marco\.m2\repository\org\hamcrest\hamcrest-core\1.3\hamcrest-core-1.3.jar;C:\Users\marco\.m2\repository\org\apache\commons\commons-dbcp2\2.7.0\commons-dbcp2-2.7.0.jar;C:\Users\marco\.m2\repository\commons-logging\commons-logging\1.2\commons-logging-1.2.jar;C:\Users\marco\.m2\repository\org\mockito\mockito-core\3.0.0\mockito-core-3.0.0.jar;C:\Users\marco\.m2\repository\net\bytebuddy\byte-buddy\1.9.10\byte-buddy-1.9.10.jar;C:\Users\marco\.m2\repository\net\bytebuddy\byte-buddy-agent\1.9.10\byte-buddy-agent-1.9.10.jar;C:\Users\marco\.m2\repository\org\objenesis\objenesis\2.6\objenesis-2.6.jar;C:\Users\marco\.m2\repository\org\powermock\powermock-api-mockito2\2.0.2\powermock-api-mockito2-2.0.2.jar;C:\Users\marco\.m2\repository\org\powermock\powermock-api-support\2.0.2\powermock-api-support-2.0.2.jar;C:\Users\marco\.m2\repository\org\powermock\powermock-reflect\2.0.2\powermock-reflect-2.0.2.jar;C:\Users\marco\.m2\repository\org\powermock\powermock-core\2.0.2\powermock-core-2.0.2.jar;C:\Users\marco\.m2\repository\org\javassist\javassist\3.24.0-GA\javassist-3.24.0-GA.jar;C:\Users\marco\.m2\repository\org\powermock\powermock-module-junit4\2.0.2\powermock-module-junit4-2.0.2.jar;C:\Users\marco\.m2\repository\org\powermock\powermock-module-junit4-common\2.0.2\powermock-module-junit4-common-2.0.2.jar;"/>
    <property name="java.vm.vendor" value="Oracle Corporation"/>
    <property name="sun.arch.data.model" value="64"/>
    <property name="user.variant" value=""/>
    <property name="java.vendor.url" value="https://java.oracle.com/"/>
    <property name="user.timezone" value="Europe/Rome"/>
    <property name="os.name" value="Windows 10"/>
    <property name="java.vm.specification.version" value="13"/>
    <property name="sun.java.launcher" value="SUN_STANDARD"/>
    <property name="user.country" value="IT"/>
    <property name="sun.boot.library.path" value="C:\Program Files\Java\jdk-13.0.2\bin"/>
    <property name="sun.java.command" value="C:\Users\marco\AppData\Local\Temp\surefire3931137030632889248\surefirebooter5696308119121428218.jar C:\Users\marco\AppData\Local\Temp\surefire3931137030632889248 2020-12-08T18-34-54_369-jvmRun1 surefire12765775569425764395tmp surefire_06936004571614598276tmp"/>
    <property name="jdk.debug" value="release"/>
    <property name="surefire.test.class.path" value="C:\Users\marco\Desktop\de-angelis\openjpa\openjpa-kernel\target\test-classes;C:\Users\marco\Desktop\de-angelis\openjpa\openjpa-kernel\target\classes;C:\Users\marco\Desktop\de-angelis\openjpa\openjpa-lib\target\openjpa-lib-3.1.3-SNAPSHOT.jar;C:\Users\marco\.m2\repository\org\apache\commons\commons-collections4\4.4\commons-collections4-4.4.jar;C:\Users\marco\.m2\repository\net\sourceforge\serp\serp\1.15.1\serp-1.15.1.jar;C:\Users\marco\.m2\repository\org\apache\geronimo\specs\geronimo-jms_1.1_spec\1.1.1\geronimo-jms_1.1_spec-1.1.1.jar;C:\Users\marco\.m2\repository\org\apache\geronimo\specs\geronimo-jta_1.1_spec\1.1.1\geronimo-jta_1.1_spec-1.1.1.jar;C:\Users\marco\.m2\repository\org\apache\commons\commons-pool2\2.6.0\commons-pool2-2.6.0.jar;C:\Users\marco\.m2\repository\com\ibm\websphere\uow_api\6\uow_api-6.jar;C:\Users\marco\.m2\repository\org\apache\ant\ant\1.9.7\ant-1.9.7.jar;C:\Users\marco\.m2\repository\org\apache\ant\ant-launcher\1.9.7\ant-launcher-1.9.7.jar;C:\Users\marco\.m2\repository\org\osgi\org.osgi.core\4.2.0\org.osgi.core-4.2.0.jar;C:\Users\marco\.m2\repository\org\apache\xbean\xbean-asm8-shaded\4.17\xbean-asm8-shaded-4.17.jar;C:\Users\marco\.m2\repository\junit\junit\4.12\junit-4.12.jar;C:\Users\marco\.m2\repository\org\hamcrest\hamcrest-core\1.3\hamcrest-core-1.3.jar;C:\Users\marco\.m2\repository\org\apache\commons\commons-dbcp2\2.7.0\commons-dbcp2-2.7.0.jar;C:\Users\marco\.m2\repository\commons-logging\commons-logging\1.2\commons-logging-1.2.jar;C:\Users\marco\.m2\repository\org\mockito\mockito-core\3.0.0\mockito-core-3.0.0.jar;C:\Users\marco\.m2\repository\net\bytebuddy\byte-buddy\1.9.10\byte-buddy-1.9.10.jar;C:\Users\marco\.m2\repository\net\bytebuddy\byte-buddy-agent\1.9.10\byte-buddy-agent-1.9.10.jar;C:\Users\marco\.m2\repository\org\objenesis\objenesis\2.6\objenesis-2.6.jar;C:\Users\marco\.m2\repository\org\powermock\powermock-api-mockito2\2.0.2\powermock-api-mockito2-2.0.2.jar;C:\Users\marco\.m2\repository\org\powermock\powermock-api-support\2.0.2\powermock-api-support-2.0.2.jar;C:\Users\marco\.m2\repository\org\powermock\powermock-reflect\2.0.2\powermock-reflect-2.0.2.jar;C:\Users\marco\.m2\repository\org\powermock\powermock-core\2.0.2\powermock-core-2.0.2.jar;C:\Users\marco\.m2\repository\org\javassist\javassist\3.24.0-GA\javassist-3.24.0-GA.jar;C:\Users\marco\.m2\repository\org\powermock\powermock-module-junit4\2.0.2\powermock-module-junit4-2.0.2.jar;C:\Users\marco\.m2\repository\org\powermock\powermock-module-junit4-common\2.0.2\powermock-module-junit4-common-2.0.2.jar;"/>
    <property name="sun.cpu.endian" value="little"/>
    <property name="user.home" value="C:\Users\marco"/>
    <property name="user.language" value="it"/>
    <property name="java.specification.vendor" value="Oracle Corporation"/>
    <property name="java.version.date" value="2020-01-14"/>
    <property name="java.home" value="C:\Program Files\Java\jdk-13.0.2"/>
    <property name="file.separator" value="\"/>
    <property name="basedir" value="C:\Users\marco\Desktop\de-angelis\openjpa\openjpa-kernel"/>
    <property name="java.vm.compressedOopsMode" value="32-bit"/>
    <property name="line.separator" value="&#10;"/>
    <property name="java.vm.specification.vendor" value="Oracle Corporation"/>
    <property name="java.specification.name" value="Java Platform API Specification"/>
    <property name="surefire.real.class.path" value="C:\Users\marco\AppData\Local\Temp\surefire3931137030632889248\surefirebooter5696308119121428218.jar"/>
    <property name="user.script" value=""/>
    <property name="sun.management.compiler" value="HotSpot 64-Bit Tiered Compilers"/>
    <property name="java.runtime.version" value="13.0.2+8"/>
    <property name="user.name" value="marco"/>
    <property name="path.separator" value=";"/>
    <property name="os.version" value="10.0"/>
    <property name="java.runtime.name" value="Java(TM) SE Runtime Environment"/>
    <property name="file.encoding" value="Cp1252"/>
    <property name="java.vm.name" value="Java HotSpot(TM) 64-Bit Server VM"/>
    <property name="localRepository" value="C:\Users\marco\.m2\repository"/>
    <property name="java.vendor.url.bug" value="https://bugreport.java.com/bugreport/"/>
    <property name="java.io.tmpdir" value="C:\Users\marco\AppData\Local\Temp\"/>
    <property name="java.version" value="13.0.2"/>
    <property name="user.dir" value="C:\Users\marco\Desktop\de-angelis\openjpa\openjpa-kernel"/>
    <property name="os.arch" value="amd64"/>
    <property name="java.vm.specification.name" value="Java Virtual Machine Specification"/>
    <property name="sun.os.patch.level" value=""/>
    <property name="java.library.path" value="C:\Program Files\Java\jdk-13.0.2\bin;C:\WINDOWS\Sun\Java\bin;C:\WINDOWS\system32;C:\WINDOWS;C:/Program Files/Java/jdk-13.0.2/bin/server;C:/Program Files/Java/jdk-13.0.2/bin;C:\WINDOWS\system32;C:\WINDOWS;C:\WINDOWS\System32\Wbem;C:\WINDOWS\System32\WindowsPowerShell\v1.0\;C:\WINDOWS\System32\OpenSSH\;C:\Program Files\MATLAB\R2019a\bin;C:\Program Files (x86)\Wolfram Research\WolframScript\;C:\Program Files\TortoiseSVN\bin;C:\Program Files\Git\cmd;C:\Users\marco\AppData\Local\Microsoft\WindowsApps;;C:\Users\marco\Desktop;;."/>
    <property name="java.vm.info" value="mixed mode, sharing"/>
    <property name="java.vendor" value="Oracle Corporation"/>
    <property name="java.vm.version" value="13.0.2+8"/>
    <property name="sun.io.unicode.encoding" value="UnicodeLittle"/>
    <property name="java.class.version" value="57.0"/>
  </properties>
  <testcase name="newCustomProxyTest[0]" classname="org.apache.openjpa.util.NewCustomProxyTest" time="0"/>
  <testcase name="newCustomProxyTest[1]" classname="org.apache.openjpa.util.NewCustomProxyTest" time="0"/>
  <testcase name="newCustomProxyTest[2]" classname="org.apache.openjpa.util.NewCustomProxyTest" time="0"/>
  <testcase name="newCustomProxyTest[3]" classname="org.apache.openjpa.util.NewCustomProxyTest" time="0.005"/>
  <testcase name="newCustomProxyTest[4]" classname="org.apache.openjpa.util.NewCustomProxyTest" time="0.016"/>
  <testcase name="newCustomProxyTest[5]" classname="org.apache.openjpa.util.NewCustomProxyTest" time="0.032"/>
  <testcase name="newCustomProxyTest[6]" classname="org.apache.openjpa.util.NewCustomProxyTest" time="0.019"/>
  <testcase name="newCustomProxyTest[7]" classname="org.apache.openjpa.util.NewCustomProxyTest" time="0.008"/>
  <testcase name="newCustomProxyTest[8]" classname="org.apache.openjpa.util.NewCustomProxyTest" time="0.015"/>
  <testcase name="newCustomProxyTest[9]" classname="org.apache.openjpa.util.NewCustomProxyTest" time="0"/>
  <testcase name="newCustomProxyTest[10]" classname="org.apache.openjpa.util.NewCustomProxyTest" time="0.033"/>
  <testcase name="newCustomProxyTest[11]" classname="org.apache.openjpa.util.NewCustomProxyTest" time="0.007"/>
  <testcase name="newCustomProxyTest[12]" classname="org.apache.openjpa.util.NewCustomProxyTest" time="0"/>
</testsuite>